<?xml version="1.0" encoding="UTF-8"?>
<!-- Generated by org.testng.reporters.JUnitReportReporter -->
<testsuite hostname="Quail.local" name="hub.test.AdminPromotionCodeTest" tests="4" failures="0" timestamp="10 Mar 2014 11:37:27 GMT" time="69.576" errors="0">
  <testcase name="promotionTest" time="15.717" classname="hub.test.AdminPromotionCodeTest"/>
  <testcase name="promotionTest" time="18.157" classname="hub.test.AdminPromotionCodeTest"/>
  <testcase name="promotionTest" time="16.633" classname="hub.test.AdminPromotionCodeTest"/>
  <testcase name="promotionTest" time="19.069" classname="hub.test.AdminPromotionCodeTest"/>
</testsuite> <!-- hub.test.AdminPromotionCodeTest -->
