<?xml version="1.0" encoding="UTF-8"?>
<!-- Generated by org.testng.reporters.JUnitReportReporter -->
<testsuite hostname="Crow.local" name="hub.test.AdminBaseProductAddNewTest" tests="1" failures="0" timestamp="13 Feb 2014 09:50:25 GMT" time="23.565" errors="0">
  <testcase name="testBaseProductAddNew" time="23.565" classname="hub.test.AdminBaseProductAddNewTest"/>
</testsuite> <!-- hub.test.AdminBaseProductAddNewTest -->
