<?xml version="1.0" encoding="UTF-8"?>
<!-- Generated by org.testng.reporters.JUnitReportReporter -->
<testsuite hostname="Crow.local" name="hub.test.UserRetroValTest" tests="3" failures="0" timestamp="15 Jan 2014 06:14:35 GMT" time="176.101" errors="0">
  <testcase name="testUserRetroVal" time="53.638" classname="hub.test.UserRetroValTest"/>
  <testcase name="testUserRetroVal" time="60.673" classname="hub.test.UserRetroValTest"/>
  <testcase name="testUserRetroVal" time="61.790" classname="hub.test.UserRetroValTest"/>
</testsuite> <!-- hub.test.UserRetroValTest -->
