<?xml version="1.0" encoding="UTF-8"?>
<!-- Generated by org.testng.reporters.JUnitReportReporter -->
<testsuite hostname="Crow.local" name="hub.test.UserResetPasswordTestOptionA" tests="7" failures="0" timestamp="6 Feb 2014 07:08:21 GMT" time="80.070" errors="0">
  <testcase name="testResetPassword" time="43.318" classname="hub.test.UserResetPasswordTestOptionA"/>
  <testcase name="testResetPassword" time="6.031" classname="hub.test.UserResetPasswordTestOptionA"/>
  <testcase name="testResetPassword" time="6.145" classname="hub.test.UserResetPasswordTestOptionA"/>
  <testcase name="testResetPassword" time="5.812" classname="hub.test.UserResetPasswordTestOptionA"/>
  <testcase name="testResetPassword" time="6.230" classname="hub.test.UserResetPasswordTestOptionA"/>
  <testcase name="testResetPassword" time="6.034" classname="hub.test.UserResetPasswordTestOptionA"/>
  <testcase name="testResetPassword" time="6.500" classname="hub.test.UserResetPasswordTestOptionA"/>
</testsuite> <!-- hub.test.UserResetPasswordTestOptionA -->
