<?xml version="1.0" encoding="UTF-8"?>
<!-- Generated by org.testng.reporters.JUnitReportReporter -->
<testsuite hostname="Crow.local" name="hub.test.UserResetPasswordTestOptionB" tests="1" failures="0" timestamp="6 Feb 2014 06:53:44 GMT" time="10.176" errors="0">
  <testcase name="testResetPasswordOptionB" time="10.176" classname="hub.test.UserResetPasswordTestOptionB"/>
</testsuite> <!-- hub.test.UserResetPasswordTestOptionB -->
