<?xml version="1.0" encoding="UTF-8"?>
<!-- Generated by org.testng.reporters.JUnitReportReporter -->
<testsuite hostname="Crow.local" name="hub.test.UserResetPasswordTestOptionA" tests="7" failures="0" timestamp="24 Feb 2014 01:33:31 GMT" time="135.277" errors="0">
  <testcase name="testResetPassword" time="11.971" classname="hub.test.UserResetPasswordTestOptionA"/>
  <testcase name="testResetPassword" time="13.980" classname="hub.test.UserResetPasswordTestOptionA"/>
  <testcase name="testResetPassword" time="12.621" classname="hub.test.UserResetPasswordTestOptionA"/>
  <testcase name="testResetPassword" time="14.283" classname="hub.test.UserResetPasswordTestOptionA"/>
  <testcase name="testResetPassword" time="45.464" classname="hub.test.UserResetPasswordTestOptionA"/>
  <testcase name="testResetPassword" time="14.447" classname="hub.test.UserResetPasswordTestOptionA"/>
  <testcase name="testResetPassword" time="22.511" classname="hub.test.UserResetPasswordTestOptionA"/>
</testsuite> <!-- hub.test.UserResetPasswordTestOptionA -->
