<?xml version="1.0" encoding="UTF-8"?>
<!-- Generated by org.testng.reporters.JUnitReportReporter -->
<testsuite hostname="Crow.local" name="hub.test.UserRetroValTest" tests="3" failures="0" timestamp="16 Jan 2014 06:15:42 GMT" time="180.206" errors="0">
  <testcase name="testUserRetroVal" time="63.741" classname="hub.test.UserRetroValTest"/>
  <testcase name="testUserRetroVal" time="59.085" classname="hub.test.UserRetroValTest"/>
  <testcase name="testUserRetroVal" time="57.380" classname="hub.test.UserRetroValTest"/>
</testsuite> <!-- hub.test.UserRetroValTest -->
